[2025-04-02T20:24:43.369+0000] {processor.py:186} INFO - Started process (PID=1978) to work on /opt/airflow/dags/dag_with_cron_expression.py
[2025-04-02T20:24:43.370+0000] {processor.py:914} INFO - Processing file /opt/airflow/dags/dag_with_cron_expression.py for tasks to queue
[2025-04-02T20:24:43.372+0000] {logging_mixin.py:190} INFO - [2025-04-02T20:24:43.371+0000] {dagbag.py:588} INFO - Filling up the DagBag from /opt/airflow/dags/dag_with_cron_expression.py
[2025-04-02T20:24:43.409+0000] {processor.py:925} INFO - DAG(s) 'dag_with_cron_expression_v01' retrieved from /opt/airflow/dags/dag_with_cron_expression.py
[2025-04-02T20:24:43.597+0000] {logging_mixin.py:190} INFO - [2025-04-02T20:24:43.596+0000] {override.py:1911} INFO - Created Permission View: can read on DAG:dag_with_cron_expression_v01
[2025-04-02T20:24:43.616+0000] {logging_mixin.py:190} INFO - [2025-04-02T20:24:43.616+0000] {override.py:1911} INFO - Created Permission View: can edit on DAG:dag_with_cron_expression_v01
[2025-04-02T20:24:43.630+0000] {logging_mixin.py:190} INFO - [2025-04-02T20:24:43.629+0000] {override.py:1911} INFO - Created Permission View: can delete on DAG:dag_with_cron_expression_v01
[2025-04-02T20:24:43.647+0000] {logging_mixin.py:190} INFO - [2025-04-02T20:24:43.646+0000] {override.py:1911} INFO - Created Permission View: can create on DAG Run:dag_with_cron_expression_v01
[2025-04-02T20:24:43.661+0000] {logging_mixin.py:190} INFO - [2025-04-02T20:24:43.660+0000] {override.py:1911} INFO - Created Permission View: can read on DAG Run:dag_with_cron_expression_v01
[2025-04-02T20:24:43.675+0000] {logging_mixin.py:190} INFO - [2025-04-02T20:24:43.674+0000] {override.py:1911} INFO - Created Permission View: menu access on DAG Run:dag_with_cron_expression_v01
[2025-04-02T20:24:43.686+0000] {logging_mixin.py:190} INFO - [2025-04-02T20:24:43.686+0000] {override.py:1911} INFO - Created Permission View: can delete on DAG Run:dag_with_cron_expression_v01
[2025-04-02T20:24:43.687+0000] {logging_mixin.py:190} INFO - [2025-04-02T20:24:43.687+0000] {dag.py:3239} INFO - Sync 1 DAGs
[2025-04-02T20:24:43.861+0000] {logging_mixin.py:190} INFO - [2025-04-02T20:24:43.860+0000] {dag.py:3262} INFO - Creating ORM DAG for dag_with_cron_expression_v01
[2025-04-02T20:24:43.876+0000] {logging_mixin.py:190} INFO - [2025-04-02T20:24:43.876+0000] {dag.py:4180} INFO - Setting next_dagrun for dag_with_cron_expression_v01 to 2025-04-01 00:00:00+00:00, run_after=2025-04-02 00:00:00+00:00
[2025-04-02T20:24:43.906+0000] {processor.py:208} INFO - Processing /opt/airflow/dags/dag_with_cron_expression.py took 0.546 seconds
[2025-04-02T20:25:29.711+0000] {processor.py:186} INFO - Started process (PID=174) to work on /opt/airflow/dags/dag_with_cron_expression.py
[2025-04-02T20:25:29.714+0000] {processor.py:914} INFO - Processing file /opt/airflow/dags/dag_with_cron_expression.py for tasks to queue
[2025-04-02T20:25:29.717+0000] {logging_mixin.py:190} INFO - [2025-04-02T20:25:29.717+0000] {dagbag.py:588} INFO - Filling up the DagBag from /opt/airflow/dags/dag_with_cron_expression.py
[2025-04-02T20:25:29.757+0000] {processor.py:925} INFO - DAG(s) 'dag_with_cron_expression_v01' retrieved from /opt/airflow/dags/dag_with_cron_expression.py
[2025-04-02T20:25:29.816+0000] {logging_mixin.py:190} INFO - [2025-04-02T20:25:29.816+0000] {dag.py:3239} INFO - Sync 1 DAGs
[2025-04-02T20:25:29.877+0000] {logging_mixin.py:190} INFO - [2025-04-02T20:25:29.877+0000] {dag.py:4180} INFO - Setting next_dagrun for dag_with_cron_expression_v01 to 2025-04-01 00:00:00+00:00, run_after=2025-04-02 00:00:00+00:00
[2025-04-02T20:25:29.915+0000] {processor.py:208} INFO - Processing /opt/airflow/dags/dag_with_cron_expression.py took 0.218 seconds
[2025-04-02T20:26:00.220+0000] {processor.py:186} INFO - Started process (PID=209) to work on /opt/airflow/dags/dag_with_cron_expression.py
[2025-04-02T20:26:00.222+0000] {processor.py:914} INFO - Processing file /opt/airflow/dags/dag_with_cron_expression.py for tasks to queue
[2025-04-02T20:26:00.229+0000] {logging_mixin.py:190} INFO - [2025-04-02T20:26:00.228+0000] {dagbag.py:588} INFO - Filling up the DagBag from /opt/airflow/dags/dag_with_cron_expression.py
[2025-04-02T20:26:00.268+0000] {processor.py:925} INFO - DAG(s) 'dag_with_cron_expression_v01' retrieved from /opt/airflow/dags/dag_with_cron_expression.py
[2025-04-02T20:26:00.319+0000] {logging_mixin.py:190} INFO - [2025-04-02T20:26:00.319+0000] {dag.py:3239} INFO - Sync 1 DAGs
[2025-04-02T20:26:00.376+0000] {logging_mixin.py:190} INFO - [2025-04-02T20:26:00.376+0000] {dag.py:4180} INFO - Setting next_dagrun for dag_with_cron_expression_v01 to 2025-04-02 00:00:00+00:00, run_after=2025-04-03 00:00:00+00:00
[2025-04-02T20:26:00.415+0000] {processor.py:208} INFO - Processing /opt/airflow/dags/dag_with_cron_expression.py took 0.206 seconds
[2025-04-02T20:26:17.518+0000] {processor.py:186} INFO - Started process (PID=234) to work on /opt/airflow/dags/dag_with_cron_expression.py
[2025-04-02T20:26:17.520+0000] {processor.py:914} INFO - Processing file /opt/airflow/dags/dag_with_cron_expression.py for tasks to queue
[2025-04-02T20:26:17.523+0000] {logging_mixin.py:190} INFO - [2025-04-02T20:26:17.523+0000] {dagbag.py:588} INFO - Filling up the DagBag from /opt/airflow/dags/dag_with_cron_expression.py
[2025-04-02T20:26:17.585+0000] {processor.py:925} INFO - DAG(s) 'dag_with_cron_expression_v01' retrieved from /opt/airflow/dags/dag_with_cron_expression.py
[2025-04-02T20:26:17.787+0000] {logging_mixin.py:190} INFO - [2025-04-02T20:26:17.786+0000] {dag.py:3239} INFO - Sync 1 DAGs
[2025-04-02T20:26:17.822+0000] {logging_mixin.py:190} INFO - [2025-04-02T20:26:17.822+0000] {dag.py:4180} INFO - Setting next_dagrun for dag_with_cron_expression_v01 to 2025-04-02 00:00:00+00:00, run_after=2025-04-03 00:00:00+00:00
[2025-04-02T20:26:17.880+0000] {processor.py:208} INFO - Processing /opt/airflow/dags/dag_with_cron_expression.py took 0.369 seconds
[2025-04-02T20:26:20.816+0000] {processor.py:186} INFO - Started process (PID=239) to work on /opt/airflow/dags/dag_with_cron_expression.py
[2025-04-02T20:26:20.818+0000] {processor.py:914} INFO - Processing file /opt/airflow/dags/dag_with_cron_expression.py for tasks to queue
[2025-04-02T20:26:20.824+0000] {logging_mixin.py:190} INFO - [2025-04-02T20:26:20.823+0000] {dagbag.py:588} INFO - Filling up the DagBag from /opt/airflow/dags/dag_with_cron_expression.py
[2025-04-02T20:26:20.879+0000] {processor.py:925} INFO - DAG(s) 'dag_with_cron_expression_v01' retrieved from /opt/airflow/dags/dag_with_cron_expression.py
[2025-04-02T20:26:20.909+0000] {logging_mixin.py:190} INFO - [2025-04-02T20:26:20.907+0000] {dag.py:3239} INFO - Sync 1 DAGs
[2025-04-02T20:26:20.977+0000] {logging_mixin.py:190} INFO - [2025-04-02T20:26:20.976+0000] {dag.py:4180} INFO - Setting next_dagrun for dag_with_cron_expression_v01 to 2025-04-02 00:00:00+00:00, run_after=2025-04-03 00:00:00+00:00
[2025-04-02T20:26:21.052+0000] {processor.py:208} INFO - Processing /opt/airflow/dags/dag_with_cron_expression.py took 0.248 seconds
[2025-04-02T20:26:34.777+0000] {processor.py:186} INFO - Started process (PID=270) to work on /opt/airflow/dags/dag_with_cron_expression.py
[2025-04-02T20:26:34.779+0000] {processor.py:914} INFO - Processing file /opt/airflow/dags/dag_with_cron_expression.py for tasks to queue
[2025-04-02T20:26:34.783+0000] {logging_mixin.py:190} INFO - [2025-04-02T20:26:34.783+0000] {dagbag.py:588} INFO - Filling up the DagBag from /opt/airflow/dags/dag_with_cron_expression.py
[2025-04-02T20:26:34.846+0000] {logging_mixin.py:190} INFO - [2025-04-02T20:26:34.843+0000] {dagbag.py:387} ERROR - Failed to import: /opt/airflow/dags/dag_with_cron_expression.py
Traceback (most recent call last):
  File "/home/airflow/.local/lib/python3.12/site-packages/airflow/models/dagbag.py", line 383, in parse
    loader.exec_module(new_module)
  File "<frozen importlib._bootstrap_external>", line 991, in exec_module
  File "<frozen importlib._bootstrap_external>", line 1129, in get_code
  File "<frozen importlib._bootstrap_external>", line 1059, in source_to_code
  File "<frozen importlib._bootstrap>", line 488, in _call_with_frames_removed
  File "/opt/airflow/dags/dag_with_cron_expression.py", line 17
    schedule_interval=,
    ^^^^^^^^^^^^^^^^^^
SyntaxError: expected argument value expression
[2025-04-02T20:26:34.848+0000] {processor.py:927} WARNING - No viable dags retrieved from /opt/airflow/dags/dag_with_cron_expression.py
[2025-04-02T20:26:34.902+0000] {processor.py:208} INFO - Processing /opt/airflow/dags/dag_with_cron_expression.py took 0.135 seconds
[2025-04-02T20:26:36.039+0000] {processor.py:186} INFO - Started process (PID=275) to work on /opt/airflow/dags/dag_with_cron_expression.py
[2025-04-02T20:26:36.040+0000] {processor.py:914} INFO - Processing file /opt/airflow/dags/dag_with_cron_expression.py for tasks to queue
[2025-04-02T20:26:36.045+0000] {logging_mixin.py:190} INFO - [2025-04-02T20:26:36.044+0000] {dagbag.py:588} INFO - Filling up the DagBag from /opt/airflow/dags/dag_with_cron_expression.py
[2025-04-02T20:26:36.103+0000] {processor.py:925} INFO - DAG(s) 'dag_with_cron_expression_v01' retrieved from /opt/airflow/dags/dag_with_cron_expression.py
[2025-04-02T20:26:36.126+0000] {logging_mixin.py:190} INFO - [2025-04-02T20:26:36.126+0000] {dag.py:3239} INFO - Sync 1 DAGs
[2025-04-02T20:26:36.186+0000] {logging_mixin.py:190} INFO - [2025-04-02T20:26:36.185+0000] {dag.py:4180} INFO - Setting next_dagrun for dag_with_cron_expression_v01 to 2025-04-02 00:00:00+00:00, run_after=2025-04-03 00:00:00+00:00
[2025-04-02T20:26:36.255+0000] {processor.py:208} INFO - Processing /opt/airflow/dags/dag_with_cron_expression.py took 0.229 seconds
[2025-04-02T20:26:38.407+0000] {processor.py:186} INFO - Started process (PID=280) to work on /opt/airflow/dags/dag_with_cron_expression.py
[2025-04-02T20:26:38.409+0000] {processor.py:914} INFO - Processing file /opt/airflow/dags/dag_with_cron_expression.py for tasks to queue
[2025-04-02T20:26:38.415+0000] {logging_mixin.py:190} INFO - [2025-04-02T20:26:38.414+0000] {dagbag.py:588} INFO - Filling up the DagBag from /opt/airflow/dags/dag_with_cron_expression.py
[2025-04-02T20:26:38.472+0000] {processor.py:925} INFO - DAG(s) 'dag_with_cron_expression_v01' retrieved from /opt/airflow/dags/dag_with_cron_expression.py
[2025-04-02T20:26:38.494+0000] {logging_mixin.py:190} INFO - [2025-04-02T20:26:38.494+0000] {dag.py:3239} INFO - Sync 1 DAGs
[2025-04-02T20:26:38.545+0000] {logging_mixin.py:190} INFO - [2025-04-02T20:26:38.544+0000] {dag.py:4180} INFO - Setting next_dagrun for dag_with_cron_expression_v01 to 2025-04-02 00:00:00+00:00, run_after=2025-04-03 00:00:00+00:00
[2025-04-02T20:26:38.587+0000] {processor.py:208} INFO - Processing /opt/airflow/dags/dag_with_cron_expression.py took 0.193 seconds
[2025-04-02T20:26:42.986+0000] {processor.py:186} INFO - Started process (PID=285) to work on /opt/airflow/dags/dag_with_cron_expression.py
[2025-04-02T20:26:42.989+0000] {processor.py:914} INFO - Processing file /opt/airflow/dags/dag_with_cron_expression.py for tasks to queue
[2025-04-02T20:26:42.999+0000] {logging_mixin.py:190} INFO - [2025-04-02T20:26:42.997+0000] {dagbag.py:588} INFO - Filling up the DagBag from /opt/airflow/dags/dag_with_cron_expression.py
[2025-04-02T20:26:43.162+0000] {processor.py:925} INFO - DAG(s) 'dag_with_cron_expression_v02' retrieved from /opt/airflow/dags/dag_with_cron_expression.py
[2025-04-02T20:26:43.809+0000] {logging_mixin.py:190} INFO - [2025-04-02T20:26:43.808+0000] {override.py:1911} INFO - Created Permission View: can delete on DAG:dag_with_cron_expression_v02
[2025-04-02T20:26:43.888+0000] {logging_mixin.py:190} INFO - [2025-04-02T20:26:43.888+0000] {override.py:1911} INFO - Created Permission View: can edit on DAG:dag_with_cron_expression_v02
[2025-04-02T20:26:43.952+0000] {logging_mixin.py:190} INFO - [2025-04-02T20:26:43.951+0000] {override.py:1911} INFO - Created Permission View: can read on DAG:dag_with_cron_expression_v02
[2025-04-02T20:26:44.002+0000] {logging_mixin.py:190} INFO - [2025-04-02T20:26:44.001+0000] {override.py:1911} INFO - Created Permission View: can create on DAG Run:dag_with_cron_expression_v02
[2025-04-02T20:26:44.036+0000] {logging_mixin.py:190} INFO - [2025-04-02T20:26:44.035+0000] {override.py:1911} INFO - Created Permission View: menu access on DAG Run:dag_with_cron_expression_v02
[2025-04-02T20:26:44.083+0000] {logging_mixin.py:190} INFO - [2025-04-02T20:26:44.082+0000] {override.py:1911} INFO - Created Permission View: can delete on DAG Run:dag_with_cron_expression_v02
[2025-04-02T20:26:44.115+0000] {logging_mixin.py:190} INFO - [2025-04-02T20:26:44.114+0000] {override.py:1911} INFO - Created Permission View: can read on DAG Run:dag_with_cron_expression_v02
[2025-04-02T20:26:44.120+0000] {logging_mixin.py:190} INFO - [2025-04-02T20:26:44.117+0000] {dag.py:3239} INFO - Sync 1 DAGs
[2025-04-02T20:26:44.184+0000] {logging_mixin.py:190} INFO - [2025-04-02T20:26:44.183+0000] {dag.py:3262} INFO - Creating ORM DAG for dag_with_cron_expression_v02
[2025-04-02T20:26:44.235+0000] {logging_mixin.py:190} INFO - [2025-04-02T20:26:44.235+0000] {dag.py:4180} INFO - Setting next_dagrun for dag_with_cron_expression_v02 to 2025-03-25 00:00:00+00:00, run_after=2025-03-26 00:00:00+00:00
[2025-04-02T20:26:44.304+0000] {processor.py:208} INFO - Processing /opt/airflow/dags/dag_with_cron_expression.py took 1.348 seconds
[2025-04-02T20:27:15.177+0000] {processor.py:186} INFO - Started process (PID=348) to work on /opt/airflow/dags/dag_with_cron_expression.py
[2025-04-02T20:27:15.180+0000] {processor.py:914} INFO - Processing file /opt/airflow/dags/dag_with_cron_expression.py for tasks to queue
[2025-04-02T20:27:15.184+0000] {logging_mixin.py:190} INFO - [2025-04-02T20:27:15.184+0000] {dagbag.py:588} INFO - Filling up the DagBag from /opt/airflow/dags/dag_with_cron_expression.py
[2025-04-02T20:27:15.228+0000] {processor.py:925} INFO - DAG(s) 'dag_with_cron_expression_v02' retrieved from /opt/airflow/dags/dag_with_cron_expression.py
[2025-04-02T20:27:15.283+0000] {logging_mixin.py:190} INFO - [2025-04-02T20:27:15.282+0000] {dag.py:3239} INFO - Sync 1 DAGs
[2025-04-02T20:27:15.337+0000] {logging_mixin.py:190} INFO - [2025-04-02T20:27:15.337+0000] {dag.py:4180} INFO - Setting next_dagrun for dag_with_cron_expression_v02 to 2025-04-02 00:00:00+00:00, run_after=2025-04-03 00:00:00+00:00
[2025-04-02T20:27:15.380+0000] {processor.py:208} INFO - Processing /opt/airflow/dags/dag_with_cron_expression.py took 0.216 seconds
[2025-04-02T20:27:45.698+0000] {processor.py:186} INFO - Started process (PID=379) to work on /opt/airflow/dags/dag_with_cron_expression.py
[2025-04-02T20:27:45.699+0000] {processor.py:914} INFO - Processing file /opt/airflow/dags/dag_with_cron_expression.py for tasks to queue
[2025-04-02T20:27:45.704+0000] {logging_mixin.py:190} INFO - [2025-04-02T20:27:45.704+0000] {dagbag.py:588} INFO - Filling up the DagBag from /opt/airflow/dags/dag_with_cron_expression.py
[2025-04-02T20:27:45.753+0000] {processor.py:925} INFO - DAG(s) 'dag_with_cron_expression_v02' retrieved from /opt/airflow/dags/dag_with_cron_expression.py
[2025-04-02T20:27:45.809+0000] {logging_mixin.py:190} INFO - [2025-04-02T20:27:45.808+0000] {dag.py:3239} INFO - Sync 1 DAGs
[2025-04-02T20:27:45.899+0000] {logging_mixin.py:190} INFO - [2025-04-02T20:27:45.899+0000] {dag.py:4180} INFO - Setting next_dagrun for dag_with_cron_expression_v02 to 2025-04-02 00:00:00+00:00, run_after=2025-04-03 00:00:00+00:00
[2025-04-02T20:27:45.965+0000] {processor.py:208} INFO - Processing /opt/airflow/dags/dag_with_cron_expression.py took 0.279 seconds
[2025-04-02T20:27:49.765+0000] {processor.py:186} INFO - Started process (PID=384) to work on /opt/airflow/dags/dag_with_cron_expression.py
[2025-04-02T20:27:49.766+0000] {processor.py:914} INFO - Processing file /opt/airflow/dags/dag_with_cron_expression.py for tasks to queue
[2025-04-02T20:27:49.772+0000] {logging_mixin.py:190} INFO - [2025-04-02T20:27:49.771+0000] {dagbag.py:588} INFO - Filling up the DagBag from /opt/airflow/dags/dag_with_cron_expression.py
[2025-04-02T20:27:49.820+0000] {processor.py:925} INFO - DAG(s) 'dag_with_cron_expression_v02' retrieved from /opt/airflow/dags/dag_with_cron_expression.py
[2025-04-02T20:27:50.048+0000] {logging_mixin.py:190} INFO - [2025-04-02T20:27:50.047+0000] {dag.py:3239} INFO - Sync 1 DAGs
[2025-04-02T20:27:50.080+0000] {logging_mixin.py:190} INFO - [2025-04-02T20:27:50.080+0000] {dag.py:4180} INFO - Setting next_dagrun for dag_with_cron_expression_v02 to 2025-04-01 04:10:00+00:00, run_after=2025-04-02 02:10:00+00:00
[2025-04-02T20:27:50.131+0000] {processor.py:208} INFO - Processing /opt/airflow/dags/dag_with_cron_expression.py took 0.376 seconds
[2025-04-02T20:27:58.360+0000] {processor.py:186} INFO - Started process (PID=407) to work on /opt/airflow/dags/dag_with_cron_expression.py
[2025-04-02T20:27:58.361+0000] {processor.py:914} INFO - Processing file /opt/airflow/dags/dag_with_cron_expression.py for tasks to queue
[2025-04-02T20:27:58.366+0000] {logging_mixin.py:190} INFO - [2025-04-02T20:27:58.365+0000] {dagbag.py:588} INFO - Filling up the DagBag from /opt/airflow/dags/dag_with_cron_expression.py
[2025-04-02T20:27:58.407+0000] {logging_mixin.py:190} INFO - [2025-04-02T20:27:58.405+0000] {dagbag.py:387} ERROR - Failed to import: /opt/airflow/dags/dag_with_cron_expression.py
Traceback (most recent call last):
  File "/home/airflow/.local/lib/python3.12/site-packages/airflow/models/dagbag.py", line 383, in parse
    loader.exec_module(new_module)
  File "<frozen importlib._bootstrap_external>", line 991, in exec_module
  File "<frozen importlib._bootstrap_external>", line 1129, in get_code
  File "<frozen importlib._bootstrap_external>", line 1059, in source_to_code
  File "<frozen importlib._bootstrap>", line 488, in _call_with_frames_removed
  File "/opt/airflow/dags/dag_with_cron_expression.py", line 18
    schedule_interval='0 0 * * *',  # Cron expression for daily execution at midnight
    ^^^^^^^^^^^^^^^^^^^^^^^^^^^^^
SyntaxError: keyword argument repeated: schedule_interval
[2025-04-02T20:27:58.408+0000] {processor.py:927} WARNING - No viable dags retrieved from /opt/airflow/dags/dag_with_cron_expression.py
[2025-04-02T20:27:58.445+0000] {processor.py:208} INFO - Processing /opt/airflow/dags/dag_with_cron_expression.py took 0.095 seconds
[2025-04-02T20:28:01.472+0000] {processor.py:186} INFO - Started process (PID=412) to work on /opt/airflow/dags/dag_with_cron_expression.py
[2025-04-02T20:28:01.473+0000] {processor.py:914} INFO - Processing file /opt/airflow/dags/dag_with_cron_expression.py for tasks to queue
[2025-04-02T20:28:01.476+0000] {logging_mixin.py:190} INFO - [2025-04-02T20:28:01.476+0000] {dagbag.py:588} INFO - Filling up the DagBag from /opt/airflow/dags/dag_with_cron_expression.py
[2025-04-02T20:28:01.510+0000] {logging_mixin.py:190} INFO - [2025-04-02T20:28:01.508+0000] {dagbag.py:387} ERROR - Failed to import: /opt/airflow/dags/dag_with_cron_expression.py
Traceback (most recent call last):
  File "/home/airflow/.local/lib/python3.12/site-packages/airflow/models/dagbag.py", line 383, in parse
    loader.exec_module(new_module)
  File "<frozen importlib._bootstrap_external>", line 991, in exec_module
  File "<frozen importlib._bootstrap_external>", line 1129, in get_code
  File "<frozen importlib._bootstrap_external>", line 1059, in source_to_code
  File "<frozen importlib._bootstrap>", line 488, in _call_with_frames_removed
  File "/opt/airflow/dags/dag_with_cron_expression.py", line 18
    schedule_interval='10 2-4 * * *',  # Cron expression for daily execution at midnight
    ^^^^^^^^^^^^^^^^^^^^^^^^^^^^^^^^
SyntaxError: keyword argument repeated: schedule_interval
[2025-04-02T20:28:01.512+0000] {processor.py:927} WARNING - No viable dags retrieved from /opt/airflow/dags/dag_with_cron_expression.py
[2025-04-02T20:28:01.552+0000] {processor.py:208} INFO - Processing /opt/airflow/dags/dag_with_cron_expression.py took 0.088 seconds
[2025-04-02T20:28:05.268+0000] {processor.py:186} INFO - Started process (PID=437) to work on /opt/airflow/dags/dag_with_cron_expression.py
[2025-04-02T20:28:05.269+0000] {processor.py:914} INFO - Processing file /opt/airflow/dags/dag_with_cron_expression.py for tasks to queue
[2025-04-02T20:28:05.274+0000] {logging_mixin.py:190} INFO - [2025-04-02T20:28:05.273+0000] {dagbag.py:588} INFO - Filling up the DagBag from /opt/airflow/dags/dag_with_cron_expression.py
[2025-04-02T20:28:05.308+0000] {logging_mixin.py:190} INFO - [2025-04-02T20:28:05.306+0000] {dagbag.py:387} ERROR - Failed to import: /opt/airflow/dags/dag_with_cron_expression.py
Traceback (most recent call last):
  File "/home/airflow/.local/lib/python3.12/site-packages/airflow/models/dagbag.py", line 383, in parse
    loader.exec_module(new_module)
  File "<frozen importlib._bootstrap_external>", line 991, in exec_module
  File "<frozen importlib._bootstrap_external>", line 1129, in get_code
  File "<frozen importlib._bootstrap_external>", line 1059, in source_to_code
  File "<frozen importlib._bootstrap>", line 488, in _call_with_frames_removed
  File "/opt/airflow/dags/dag_with_cron_expression.py", line 18
    schedule_interval='10 2-4 * * *', 
    ^^^^^^^^^^^^^^^^^^^^^^^^^^^^^^^^
SyntaxError: keyword argument repeated: schedule_interval
[2025-04-02T20:28:05.309+0000] {processor.py:927} WARNING - No viable dags retrieved from /opt/airflow/dags/dag_with_cron_expression.py
[2025-04-02T20:28:05.345+0000] {processor.py:208} INFO - Processing /opt/airflow/dags/dag_with_cron_expression.py took 0.085 seconds
[2025-04-02T20:28:08.504+0000] {processor.py:186} INFO - Started process (PID=442) to work on /opt/airflow/dags/dag_with_cron_expression.py
[2025-04-02T20:28:08.505+0000] {processor.py:914} INFO - Processing file /opt/airflow/dags/dag_with_cron_expression.py for tasks to queue
[2025-04-02T20:28:08.509+0000] {logging_mixin.py:190} INFO - [2025-04-02T20:28:08.508+0000] {dagbag.py:588} INFO - Filling up the DagBag from /opt/airflow/dags/dag_with_cron_expression.py
[2025-04-02T20:28:08.536+0000] {logging_mixin.py:190} INFO - [2025-04-02T20:28:08.535+0000] {dagbag.py:387} ERROR - Failed to import: /opt/airflow/dags/dag_with_cron_expression.py
Traceback (most recent call last):
  File "/home/airflow/.local/lib/python3.12/site-packages/airflow/models/dagbag.py", line 383, in parse
    loader.exec_module(new_module)
  File "<frozen importlib._bootstrap_external>", line 991, in exec_module
  File "<frozen importlib._bootstrap_external>", line 1129, in get_code
  File "<frozen importlib._bootstrap_external>", line 1059, in source_to_code
  File "<frozen importlib._bootstrap>", line 488, in _call_with_frames_removed
  File "/opt/airflow/dags/dag_with_cron_expression.py", line 18
    schedule_interval='10 2-4 * * *',
    ^^^^^^^^^^^^^^^^^^^^^^^^^^^^^^^^
SyntaxError: keyword argument repeated: schedule_interval
[2025-04-02T20:28:08.538+0000] {processor.py:927} WARNING - No viable dags retrieved from /opt/airflow/dags/dag_with_cron_expression.py
[2025-04-02T20:28:08.567+0000] {processor.py:208} INFO - Processing /opt/airflow/dags/dag_with_cron_expression.py took 0.071 seconds
[2025-04-02T20:28:10.585+0000] {processor.py:186} INFO - Started process (PID=447) to work on /opt/airflow/dags/dag_with_cron_expression.py
[2025-04-02T20:28:10.586+0000] {processor.py:914} INFO - Processing file /opt/airflow/dags/dag_with_cron_expression.py for tasks to queue
[2025-04-02T20:28:10.590+0000] {logging_mixin.py:190} INFO - [2025-04-02T20:28:10.589+0000] {dagbag.py:588} INFO - Filling up the DagBag from /opt/airflow/dags/dag_with_cron_expression.py
[2025-04-02T20:28:10.613+0000] {logging_mixin.py:190} INFO - [2025-04-02T20:28:10.611+0000] {dagbag.py:387} ERROR - Failed to import: /opt/airflow/dags/dag_with_cron_expression.py
Traceback (most recent call last):
  File "/home/airflow/.local/lib/python3.12/site-packages/airflow/models/dagbag.py", line 383, in parse
    loader.exec_module(new_module)
  File "<frozen importlib._bootstrap_external>", line 991, in exec_module
  File "<frozen importlib._bootstrap_external>", line 1129, in get_code
  File "<frozen importlib._bootstrap_external>", line 1059, in source_to_code
  File "<frozen importlib._bootstrap>", line 488, in _call_with_frames_removed
  File "/opt/airflow/dags/dag_with_cron_expression.py", line 18
    schedule_interval='10 2-4 * * *',  # Cron expression for execution every 10 minutes between 2 AM and 4 AM
    ^^^^^^^^^^^^^^^^^^^^^^^^^^^^^^^^
SyntaxError: keyword argument repeated: schedule_interval
[2025-04-02T20:28:10.614+0000] {processor.py:927} WARNING - No viable dags retrieved from /opt/airflow/dags/dag_with_cron_expression.py
[2025-04-02T20:28:10.650+0000] {processor.py:208} INFO - Processing /opt/airflow/dags/dag_with_cron_expression.py took 0.073 seconds
[2025-04-02T20:28:14.788+0000] {processor.py:186} INFO - Started process (PID=452) to work on /opt/airflow/dags/dag_with_cron_expression.py
[2025-04-02T20:28:14.791+0000] {processor.py:914} INFO - Processing file /opt/airflow/dags/dag_with_cron_expression.py for tasks to queue
[2025-04-02T20:28:14.796+0000] {logging_mixin.py:190} INFO - [2025-04-02T20:28:14.795+0000] {dagbag.py:588} INFO - Filling up the DagBag from /opt/airflow/dags/dag_with_cron_expression.py
[2025-04-02T20:28:14.855+0000] {processor.py:925} INFO - DAG(s) 'dag_with_cron_expression_v02' retrieved from /opt/airflow/dags/dag_with_cron_expression.py
[2025-04-02T20:28:14.884+0000] {logging_mixin.py:190} INFO - [2025-04-02T20:28:14.883+0000] {dag.py:3239} INFO - Sync 1 DAGs
[2025-04-02T20:28:14.933+0000] {logging_mixin.py:190} INFO - [2025-04-02T20:28:14.932+0000] {dag.py:4180} INFO - Setting next_dagrun for dag_with_cron_expression_v02 to 2025-04-02 04:10:00+00:00, run_after=2025-04-03 02:10:00+00:00
[2025-04-02T20:28:14.983+0000] {processor.py:208} INFO - Processing /opt/airflow/dags/dag_with_cron_expression.py took 0.206 seconds
[2025-04-02T20:28:15.960+0000] {processor.py:186} INFO - Started process (PID=457) to work on /opt/airflow/dags/dag_with_cron_expression.py
[2025-04-02T20:28:15.962+0000] {processor.py:914} INFO - Processing file /opt/airflow/dags/dag_with_cron_expression.py for tasks to queue
[2025-04-02T20:28:15.969+0000] {logging_mixin.py:190} INFO - [2025-04-02T20:28:15.968+0000] {dagbag.py:588} INFO - Filling up the DagBag from /opt/airflow/dags/dag_with_cron_expression.py
[2025-04-02T20:28:16.028+0000] {processor.py:925} INFO - DAG(s) 'dag_with_cron_expression_v02' retrieved from /opt/airflow/dags/dag_with_cron_expression.py
[2025-04-02T20:28:16.054+0000] {logging_mixin.py:190} INFO - [2025-04-02T20:28:16.052+0000] {dag.py:3239} INFO - Sync 1 DAGs
[2025-04-02T20:28:16.111+0000] {logging_mixin.py:190} INFO - [2025-04-02T20:28:16.110+0000] {dag.py:4180} INFO - Setting next_dagrun for dag_with_cron_expression_v02 to 2025-04-02 04:10:00+00:00, run_after=2025-04-03 02:10:00+00:00
[2025-04-02T20:28:16.162+0000] {processor.py:208} INFO - Processing /opt/airflow/dags/dag_with_cron_expression.py took 0.212 seconds
[2025-04-02T20:28:17.298+0000] {processor.py:186} INFO - Started process (PID=462) to work on /opt/airflow/dags/dag_with_cron_expression.py
[2025-04-02T20:28:17.299+0000] {processor.py:914} INFO - Processing file /opt/airflow/dags/dag_with_cron_expression.py for tasks to queue
[2025-04-02T20:28:17.305+0000] {logging_mixin.py:190} INFO - [2025-04-02T20:28:17.304+0000] {dagbag.py:588} INFO - Filling up the DagBag from /opt/airflow/dags/dag_with_cron_expression.py
[2025-04-02T20:28:17.368+0000] {processor.py:925} INFO - DAG(s) 'dag_with_cron_expression_v03' retrieved from /opt/airflow/dags/dag_with_cron_expression.py
[2025-04-02T20:28:17.553+0000] {logging_mixin.py:190} INFO - [2025-04-02T20:28:17.552+0000] {override.py:1911} INFO - Created Permission View: can delete on DAG:dag_with_cron_expression_v03
[2025-04-02T20:28:17.572+0000] {logging_mixin.py:190} INFO - [2025-04-02T20:28:17.572+0000] {override.py:1911} INFO - Created Permission View: can edit on DAG:dag_with_cron_expression_v03
[2025-04-02T20:28:17.585+0000] {logging_mixin.py:190} INFO - [2025-04-02T20:28:17.584+0000] {override.py:1911} INFO - Created Permission View: can read on DAG:dag_with_cron_expression_v03
[2025-04-02T20:28:17.613+0000] {logging_mixin.py:190} INFO - [2025-04-02T20:28:17.612+0000] {override.py:1911} INFO - Created Permission View: can create on DAG Run:dag_with_cron_expression_v03
[2025-04-02T20:28:17.628+0000] {logging_mixin.py:190} INFO - [2025-04-02T20:28:17.628+0000] {override.py:1911} INFO - Created Permission View: menu access on DAG Run:dag_with_cron_expression_v03
[2025-04-02T20:28:17.641+0000] {logging_mixin.py:190} INFO - [2025-04-02T20:28:17.640+0000] {override.py:1911} INFO - Created Permission View: can delete on DAG Run:dag_with_cron_expression_v03
[2025-04-02T20:28:17.654+0000] {logging_mixin.py:190} INFO - [2025-04-02T20:28:17.654+0000] {override.py:1911} INFO - Created Permission View: can read on DAG Run:dag_with_cron_expression_v03
[2025-04-02T20:28:17.656+0000] {logging_mixin.py:190} INFO - [2025-04-02T20:28:17.655+0000] {dag.py:3239} INFO - Sync 1 DAGs
[2025-04-02T20:28:17.674+0000] {logging_mixin.py:190} INFO - [2025-04-02T20:28:17.674+0000] {dag.py:3262} INFO - Creating ORM DAG for dag_with_cron_expression_v03
[2025-04-02T20:28:17.692+0000] {logging_mixin.py:190} INFO - [2025-04-02T20:28:17.691+0000] {dag.py:4180} INFO - Setting next_dagrun for dag_with_cron_expression_v03 to 2025-03-25 02:10:00+00:00, run_after=2025-03-25 03:10:00+00:00
[2025-04-02T20:28:17.739+0000] {processor.py:208} INFO - Processing /opt/airflow/dags/dag_with_cron_expression.py took 0.448 seconds
[2025-04-02T20:28:43.968+0000] {processor.py:186} INFO - Started process (PID=493) to work on /opt/airflow/dags/dag_with_cron_expression.py
[2025-04-02T20:28:43.969+0000] {processor.py:914} INFO - Processing file /opt/airflow/dags/dag_with_cron_expression.py for tasks to queue
[2025-04-02T20:28:43.973+0000] {logging_mixin.py:190} INFO - [2025-04-02T20:28:43.972+0000] {dagbag.py:588} INFO - Filling up the DagBag from /opt/airflow/dags/dag_with_cron_expression.py
[2025-04-02T20:28:44.004+0000] {logging_mixin.py:190} INFO - [2025-04-02T20:28:44.002+0000] {dagbag.py:387} ERROR - Failed to import: /opt/airflow/dags/dag_with_cron_expression.py
Traceback (most recent call last):
  File "/home/airflow/.local/lib/python3.12/site-packages/airflow/models/dagbag.py", line 383, in parse
    loader.exec_module(new_module)
  File "<frozen importlib._bootstrap_external>", line 991, in exec_module
  File "<frozen importlib._bootstrap_external>", line 1129, in get_code
  File "<frozen importlib._bootstrap_external>", line 1059, in source_to_code
  File "<frozen importlib._bootstrap>", line 488, in _call_with_frames_removed
  File "/opt/airflow/dags/dag_with_cron_expression.py", line 16
    start_date=datetime(2025, 3, 01),
                                 ^
SyntaxError: leading zeros in decimal integer literals are not permitted; use an 0o prefix for octal integers
[2025-04-02T20:28:44.006+0000] {processor.py:927} WARNING - No viable dags retrieved from /opt/airflow/dags/dag_with_cron_expression.py
[2025-04-02T20:28:44.047+0000] {processor.py:208} INFO - Processing /opt/airflow/dags/dag_with_cron_expression.py took 0.094 seconds
[2025-04-02T20:28:46.032+0000] {processor.py:186} INFO - Started process (PID=498) to work on /opt/airflow/dags/dag_with_cron_expression.py
[2025-04-02T20:28:46.034+0000] {processor.py:914} INFO - Processing file /opt/airflow/dags/dag_with_cron_expression.py for tasks to queue
[2025-04-02T20:28:46.036+0000] {logging_mixin.py:190} INFO - [2025-04-02T20:28:46.036+0000] {dagbag.py:588} INFO - Filling up the DagBag from /opt/airflow/dags/dag_with_cron_expression.py
[2025-04-02T20:28:46.079+0000] {processor.py:925} INFO - DAG(s) 'dag_with_cron_expression_v03' retrieved from /opt/airflow/dags/dag_with_cron_expression.py
[2025-04-02T20:28:46.097+0000] {logging_mixin.py:190} INFO - [2025-04-02T20:28:46.097+0000] {dag.py:3239} INFO - Sync 1 DAGs
[2025-04-02T20:28:46.137+0000] {logging_mixin.py:190} INFO - [2025-04-02T20:28:46.137+0000] {dag.py:4180} INFO - Setting next_dagrun for dag_with_cron_expression_v03 to 2025-03-01 02:10:00+00:00, run_after=2025-03-01 03:10:00+00:00
[2025-04-02T20:28:46.177+0000] {processor.py:208} INFO - Processing /opt/airflow/dags/dag_with_cron_expression.py took 0.153 seconds
[2025-04-02T20:28:49.236+0000] {processor.py:186} INFO - Started process (PID=503) to work on /opt/airflow/dags/dag_with_cron_expression.py
[2025-04-02T20:28:49.238+0000] {processor.py:914} INFO - Processing file /opt/airflow/dags/dag_with_cron_expression.py for tasks to queue
[2025-04-02T20:28:49.240+0000] {logging_mixin.py:190} INFO - [2025-04-02T20:28:49.240+0000] {dagbag.py:588} INFO - Filling up the DagBag from /opt/airflow/dags/dag_with_cron_expression.py
[2025-04-02T20:28:49.287+0000] {processor.py:925} INFO - DAG(s) 'dag_with_cron_expression_v03' retrieved from /opt/airflow/dags/dag_with_cron_expression.py
[2025-04-02T20:28:49.467+0000] {logging_mixin.py:190} INFO - [2025-04-02T20:28:49.466+0000] {dag.py:3239} INFO - Sync 1 DAGs
[2025-04-02T20:28:49.497+0000] {logging_mixin.py:190} INFO - [2025-04-02T20:28:49.497+0000] {dag.py:4180} INFO - Setting next_dagrun for dag_with_cron_expression_v03 to 2025-03-01 00:00:00+00:00, run_after=2025-03-02 00:00:00+00:00
[2025-04-02T20:28:49.539+0000] {processor.py:208} INFO - Processing /opt/airflow/dags/dag_with_cron_expression.py took 0.310 seconds
[2025-04-02T20:28:52.897+0000] {processor.py:186} INFO - Started process (PID=508) to work on /opt/airflow/dags/dag_with_cron_expression.py
[2025-04-02T20:28:52.903+0000] {processor.py:914} INFO - Processing file /opt/airflow/dags/dag_with_cron_expression.py for tasks to queue
[2025-04-02T20:28:52.908+0000] {logging_mixin.py:190} INFO - [2025-04-02T20:28:52.907+0000] {dagbag.py:588} INFO - Filling up the DagBag from /opt/airflow/dags/dag_with_cron_expression.py
[2025-04-02T20:28:52.975+0000] {logging_mixin.py:190} INFO - [2025-04-02T20:28:52.972+0000] {dagbag.py:387} ERROR - Failed to import: /opt/airflow/dags/dag_with_cron_expression.py
Traceback (most recent call last):
  File "/home/airflow/.local/lib/python3.12/site-packages/airflow/models/dagbag.py", line 383, in parse
    loader.exec_module(new_module)
  File "<frozen importlib._bootstrap_external>", line 991, in exec_module
  File "<frozen importlib._bootstrap_external>", line 1129, in get_code
  File "<frozen importlib._bootstrap_external>", line 1059, in source_to_code
  File "<frozen importlib._bootstrap>", line 488, in _call_with_frames_removed
  File "/opt/airflow/dags/dag_with_cron_expression.py", line 19
    sc
    ^^^
SyntaxError: invalid syntax. Perhaps you forgot a comma?
[2025-04-02T20:28:52.977+0000] {processor.py:927} WARNING - No viable dags retrieved from /opt/airflow/dags/dag_with_cron_expression.py
[2025-04-02T20:28:53.032+0000] {processor.py:208} INFO - Processing /opt/airflow/dags/dag_with_cron_expression.py took 0.151 seconds
[2025-04-02T20:28:56.012+0000] {processor.py:186} INFO - Started process (PID=513) to work on /opt/airflow/dags/dag_with_cron_expression.py
[2025-04-02T20:28:56.015+0000] {processor.py:914} INFO - Processing file /opt/airflow/dags/dag_with_cron_expression.py for tasks to queue
[2025-04-02T20:28:56.018+0000] {logging_mixin.py:190} INFO - [2025-04-02T20:28:56.017+0000] {dagbag.py:588} INFO - Filling up the DagBag from /opt/airflow/dags/dag_with_cron_expression.py
[2025-04-02T20:28:56.074+0000] {processor.py:925} INFO - DAG(s) 'dag_with_cron_expression_v03' retrieved from /opt/airflow/dags/dag_with_cron_expression.py
[2025-04-02T20:28:56.095+0000] {logging_mixin.py:190} INFO - [2025-04-02T20:28:56.094+0000] {dag.py:3239} INFO - Sync 1 DAGs
[2025-04-02T20:28:56.139+0000] {logging_mixin.py:190} INFO - [2025-04-02T20:28:56.138+0000] {dag.py:4180} INFO - Setting next_dagrun for dag_with_cron_expression_v03 to 2025-03-01 00:00:00+00:00, run_after=2025-03-01 00:10:00+00:00
[2025-04-02T20:28:56.179+0000] {processor.py:208} INFO - Processing /opt/airflow/dags/dag_with_cron_expression.py took 0.185 seconds
[2025-04-02T20:28:58.237+0000] {processor.py:186} INFO - Started process (PID=524) to work on /opt/airflow/dags/dag_with_cron_expression.py
[2025-04-02T20:28:58.238+0000] {processor.py:914} INFO - Processing file /opt/airflow/dags/dag_with_cron_expression.py for tasks to queue
[2025-04-02T20:28:58.241+0000] {logging_mixin.py:190} INFO - [2025-04-02T20:28:58.240+0000] {dagbag.py:588} INFO - Filling up the DagBag from /opt/airflow/dags/dag_with_cron_expression.py
[2025-04-02T20:28:58.287+0000] {processor.py:925} INFO - DAG(s) 'dag_with_cron_expression_v03' retrieved from /opt/airflow/dags/dag_with_cron_expression.py
[2025-04-02T20:28:58.304+0000] {logging_mixin.py:190} INFO - [2025-04-02T20:28:58.303+0000] {dag.py:3239} INFO - Sync 1 DAGs
[2025-04-02T20:28:58.343+0000] {logging_mixin.py:190} INFO - [2025-04-02T20:28:58.343+0000] {dag.py:4180} INFO - Setting next_dagrun for dag_with_cron_expression_v03 to 2025-03-01 00:00:00+00:00, run_after=2025-03-01 00:10:00+00:00
[2025-04-02T20:28:58.382+0000] {processor.py:208} INFO - Processing /opt/airflow/dags/dag_with_cron_expression.py took 0.153 seconds
[2025-04-02T20:29:00.363+0000] {processor.py:186} INFO - Started process (PID=529) to work on /opt/airflow/dags/dag_with_cron_expression.py
[2025-04-02T20:29:00.365+0000] {processor.py:914} INFO - Processing file /opt/airflow/dags/dag_with_cron_expression.py for tasks to queue
[2025-04-02T20:29:00.368+0000] {logging_mixin.py:190} INFO - [2025-04-02T20:29:00.368+0000] {dagbag.py:588} INFO - Filling up the DagBag from /opt/airflow/dags/dag_with_cron_expression.py
[2025-04-02T20:29:00.405+0000] {logging_mixin.py:190} INFO - [2025-04-02T20:29:00.404+0000] {dagbag.py:387} ERROR - Failed to import: /opt/airflow/dags/dag_with_cron_expression.py
Traceback (most recent call last):
  File "/home/airflow/.local/lib/python3.12/site-packages/airflow/models/dagbag.py", line 383, in parse
    loader.exec_module(new_module)
  File "<frozen importlib._bootstrap_external>", line 991, in exec_module
  File "<frozen importlib._bootstrap_external>", line 1129, in get_code
  File "<frozen importlib._bootstrap_external>", line 1059, in source_to_code
  File "<frozen importlib._bootstrap>", line 488, in _call_with_frames_removed
  File "/opt/airflow/dags/dag_with_cron_expression.py", line 19
    schedule_interval= '*/10 * * * *'
                       
SyntaxError: invalid syntax. Perhaps you forgot a comma?
[2025-04-02T20:29:00.407+0000] {processor.py:927} WARNING - No viable dags retrieved from /opt/airflow/dags/dag_with_cron_expression.py
[2025-04-02T20:29:00.447+0000] {processor.py:208} INFO - Processing /opt/airflow/dags/dag_with_cron_expression.py took 0.098 seconds
[2025-04-02T20:29:03.565+0000] {processor.py:186} INFO - Started process (PID=534) to work on /opt/airflow/dags/dag_with_cron_expression.py
[2025-04-02T20:29:03.566+0000] {processor.py:914} INFO - Processing file /opt/airflow/dags/dag_with_cron_expression.py for tasks to queue
[2025-04-02T20:29:03.568+0000] {logging_mixin.py:190} INFO - [2025-04-02T20:29:03.568+0000] {dagbag.py:588} INFO - Filling up the DagBag from /opt/airflow/dags/dag_with_cron_expression.py
[2025-04-02T20:29:03.599+0000] {logging_mixin.py:190} INFO - [2025-04-02T20:29:03.597+0000] {dagbag.py:387} ERROR - Failed to import: /opt/airflow/dags/dag_with_cron_expression.py
Traceback (most recent call last):
  File "/home/airflow/.local/lib/python3.12/site-packages/airflow/models/dagbag.py", line 383, in parse
    loader.exec_module(new_module)
  File "<frozen importlib._bootstrap_external>", line 991, in exec_module
  File "<frozen importlib._bootstrap_external>", line 1129, in get_code
  File "<frozen importlib._bootstrap_external>", line 1059, in source_to_code
  File "<frozen importlib._bootstrap>", line 488, in _call_with_frames_removed
  File "/opt/airflow/dags/dag_with_cron_expression.py", line 19
    schedule_interval= '10 2-4 * * Tue'
                       
SyntaxError: invalid syntax. Perhaps you forgot a comma?
[2025-04-02T20:29:03.601+0000] {processor.py:927} WARNING - No viable dags retrieved from /opt/airflow/dags/dag_with_cron_expression.py
[2025-04-02T20:29:03.639+0000] {processor.py:208} INFO - Processing /opt/airflow/dags/dag_with_cron_expression.py took 0.080 seconds
[2025-04-02T20:29:06.269+0000] {processor.py:186} INFO - Started process (PID=559) to work on /opt/airflow/dags/dag_with_cron_expression.py
[2025-04-02T20:29:06.271+0000] {processor.py:914} INFO - Processing file /opt/airflow/dags/dag_with_cron_expression.py for tasks to queue
[2025-04-02T20:29:06.274+0000] {logging_mixin.py:190} INFO - [2025-04-02T20:29:06.272+0000] {dagbag.py:588} INFO - Filling up the DagBag from /opt/airflow/dags/dag_with_cron_expression.py
[2025-04-02T20:29:06.336+0000] {logging_mixin.py:190} INFO - [2025-04-02T20:29:06.326+0000] {dagbag.py:484} ERROR - Failed to bag_dag: /opt/airflow/dags/dag_with_cron_expression.py
Traceback (most recent call last):
  File "/home/airflow/.local/lib/python3.12/site-packages/croniter/croniter.py", line 284, in _alphaconv
    return cls.ALPHACONV[index][key]
           ~~~~~~~~~~~~~~~~~~~~^^^^^
KeyError: 'tuesday'

During handling of the above exception, another exception occurred:

Traceback (most recent call last):
  File "/home/airflow/.local/lib/python3.12/site-packages/airflow/timetables/_cron.py", line 102, in validate
    croniter(self._expression)
  File "/home/airflow/.local/lib/python3.12/site-packages/croniter/croniter.py", line 271, in __init__
    self.expanded, self.nth_weekday_of_month = self.expand(
                                               ^^^^^^^^^^^^
  File "/home/airflow/.local/lib/python3.12/site-packages/croniter/croniter.py", line 1032, in expand
    return cls._expand(expr_format, hash_id=hash_id,
           ^^^^^^^^^^^^^^^^^^^^^^^^^^^^^^^^^^^^^^^^^
  File "/home/airflow/.local/lib/python3.12/site-packages/croniter/croniter.py", line 973, in _expand
    t = cls._alphaconv(i, t, expressions)
        ^^^^^^^^^^^^^^^^^^^^^^^^^^^^^^^^^
  File "/home/airflow/.local/lib/python3.12/site-packages/croniter/croniter.py", line 286, in _alphaconv
    raise CroniterNotAlphaError(
croniter.croniter.CroniterNotAlphaError: [10 2-4 * * tuesday] is not acceptable

During handling of the above exception, another exception occurred:

Traceback (most recent call last):
  File "/home/airflow/.local/lib/python3.12/site-packages/airflow/models/dagbag.py", line 479, in _process_modules
    dag.validate()
  File "/home/airflow/.local/lib/python3.12/site-packages/airflow/models/dag.py", line 845, in validate
    self.timetable.validate()
  File "/home/airflow/.local/lib/python3.12/site-packages/airflow/timetables/_cron.py", line 104, in validate
    raise AirflowTimetableInvalid(str(e))
airflow.exceptions.AirflowTimetableInvalid: [10 2-4 * * tuesday] is not acceptable
[2025-04-02T20:29:06.337+0000] {processor.py:927} WARNING - No viable dags retrieved from /opt/airflow/dags/dag_with_cron_expression.py
[2025-04-02T20:29:06.372+0000] {processor.py:208} INFO - Processing /opt/airflow/dags/dag_with_cron_expression.py took 0.110 seconds
[2025-04-02T20:29:08.501+0000] {processor.py:186} INFO - Started process (PID=564) to work on /opt/airflow/dags/dag_with_cron_expression.py
[2025-04-02T20:29:08.503+0000] {processor.py:914} INFO - Processing file /opt/airflow/dags/dag_with_cron_expression.py for tasks to queue
[2025-04-02T20:29:08.505+0000] {logging_mixin.py:190} INFO - [2025-04-02T20:29:08.505+0000] {dagbag.py:588} INFO - Filling up the DagBag from /opt/airflow/dags/dag_with_cron_expression.py
[2025-04-02T20:29:08.551+0000] {processor.py:925} INFO - DAG(s) 'dag_with_cron_expression_v03' retrieved from /opt/airflow/dags/dag_with_cron_expression.py
[2025-04-02T20:29:08.572+0000] {logging_mixin.py:190} INFO - [2025-04-02T20:29:08.571+0000] {dag.py:3239} INFO - Sync 1 DAGs
[2025-04-02T20:29:08.614+0000] {logging_mixin.py:190} INFO - [2025-04-02T20:29:08.614+0000] {dag.py:4180} INFO - Setting next_dagrun for dag_with_cron_expression_v03 to 2025-03-04 02:10:00+00:00, run_after=2025-03-04 03:10:00+00:00
[2025-04-02T20:29:08.658+0000] {processor.py:208} INFO - Processing /opt/airflow/dags/dag_with_cron_expression.py took 0.167 seconds
[2025-04-02T20:29:12.600+0000] {processor.py:186} INFO - Started process (PID=569) to work on /opt/airflow/dags/dag_with_cron_expression.py
[2025-04-02T20:29:12.602+0000] {processor.py:914} INFO - Processing file /opt/airflow/dags/dag_with_cron_expression.py for tasks to queue
[2025-04-02T20:29:12.606+0000] {logging_mixin.py:190} INFO - [2025-04-02T20:29:12.604+0000] {dagbag.py:588} INFO - Filling up the DagBag from /opt/airflow/dags/dag_with_cron_expression.py
[2025-04-02T20:29:12.691+0000] {processor.py:925} INFO - DAG(s) 'dag_with_cron_expression_v03' retrieved from /opt/airflow/dags/dag_with_cron_expression.py
[2025-04-02T20:29:12.733+0000] {logging_mixin.py:190} INFO - [2025-04-02T20:29:12.732+0000] {dag.py:3239} INFO - Sync 1 DAGs
[2025-04-02T20:29:13.002+0000] {logging_mixin.py:190} INFO - [2025-04-02T20:29:13.001+0000] {dag.py:4180} INFO - Setting next_dagrun for dag_with_cron_expression_v03 to 2025-03-04 02:10:00+00:00, run_after=2025-03-04 03:10:00+00:00
[2025-04-02T20:29:13.127+0000] {processor.py:208} INFO - Processing /opt/airflow/dags/dag_with_cron_expression.py took 0.539 seconds
[2025-04-02T20:29:15.172+0000] {processor.py:186} INFO - Started process (PID=574) to work on /opt/airflow/dags/dag_with_cron_expression.py
[2025-04-02T20:29:15.174+0000] {processor.py:914} INFO - Processing file /opt/airflow/dags/dag_with_cron_expression.py for tasks to queue
[2025-04-02T20:29:15.177+0000] {logging_mixin.py:190} INFO - [2025-04-02T20:29:15.176+0000] {dagbag.py:588} INFO - Filling up the DagBag from /opt/airflow/dags/dag_with_cron_expression.py
[2025-04-02T20:29:15.245+0000] {processor.py:925} INFO - DAG(s) 'dag_with_cron_expression_v03' retrieved from /opt/airflow/dags/dag_with_cron_expression.py
[2025-04-02T20:29:15.270+0000] {logging_mixin.py:190} INFO - [2025-04-02T20:29:15.270+0000] {dag.py:3239} INFO - Sync 1 DAGs
[2025-04-02T20:29:15.336+0000] {logging_mixin.py:190} INFO - [2025-04-02T20:29:15.334+0000] {dag.py:4180} INFO - Setting next_dagrun for dag_with_cron_expression_v03 to 2025-03-04 02:10:00+00:00, run_after=2025-03-04 03:10:00+00:00
[2025-04-02T20:29:15.397+0000] {processor.py:208} INFO - Processing /opt/airflow/dags/dag_with_cron_expression.py took 0.241 seconds
[2025-04-02T20:29:23.555+0000] {processor.py:186} INFO - Started process (PID=579) to work on /opt/airflow/dags/dag_with_cron_expression.py
[2025-04-02T20:29:23.558+0000] {processor.py:914} INFO - Processing file /opt/airflow/dags/dag_with_cron_expression.py for tasks to queue
[2025-04-02T20:29:23.561+0000] {logging_mixin.py:190} INFO - [2025-04-02T20:29:23.561+0000] {dagbag.py:588} INFO - Filling up the DagBag from /opt/airflow/dags/dag_with_cron_expression.py
[2025-04-02T20:29:23.657+0000] {processor.py:925} INFO - DAG(s) 'dag_with_cron_expression_v03' retrieved from /opt/airflow/dags/dag_with_cron_expression.py
[2025-04-02T20:29:23.872+0000] {logging_mixin.py:190} INFO - [2025-04-02T20:29:23.871+0000] {dag.py:3239} INFO - Sync 1 DAGs
[2025-04-02T20:29:23.915+0000] {logging_mixin.py:190} INFO - [2025-04-02T20:29:23.914+0000] {dag.py:4180} INFO - Setting next_dagrun for dag_with_cron_expression_v03 to 2025-03-04 02:10:00+00:00, run_after=2025-03-04 03:10:00+00:00
[2025-04-02T20:29:24.196+0000] {processor.py:208} INFO - Processing /opt/airflow/dags/dag_with_cron_expression.py took 0.658 seconds
[2025-04-02T20:29:30.786+0000] {processor.py:186} INFO - Started process (PID=590) to work on /opt/airflow/dags/dag_with_cron_expression.py
[2025-04-02T20:29:30.788+0000] {processor.py:914} INFO - Processing file /opt/airflow/dags/dag_with_cron_expression.py for tasks to queue
[2025-04-02T20:29:30.790+0000] {logging_mixin.py:190} INFO - [2025-04-02T20:29:30.790+0000] {dagbag.py:588} INFO - Filling up the DagBag from /opt/airflow/dags/dag_with_cron_expression.py
[2025-04-02T20:29:30.847+0000] {processor.py:925} INFO - DAG(s) 'dag_with_cron_expression_v03' retrieved from /opt/airflow/dags/dag_with_cron_expression.py
[2025-04-02T20:29:30.867+0000] {logging_mixin.py:190} INFO - [2025-04-02T20:29:30.866+0000] {dag.py:3239} INFO - Sync 1 DAGs
[2025-04-02T20:29:30.906+0000] {logging_mixin.py:190} INFO - [2025-04-02T20:29:30.905+0000] {dag.py:4180} INFO - Setting next_dagrun for dag_with_cron_expression_v03 to 2025-03-04 02:10:00+00:00, run_after=2025-03-04 03:10:00+00:00
[2025-04-02T20:29:30.950+0000] {processor.py:208} INFO - Processing /opt/airflow/dags/dag_with_cron_expression.py took 0.173 seconds
[2025-04-02T20:29:31.828+0000] {processor.py:186} INFO - Started process (PID=595) to work on /opt/airflow/dags/dag_with_cron_expression.py
[2025-04-02T20:29:31.829+0000] {processor.py:914} INFO - Processing file /opt/airflow/dags/dag_with_cron_expression.py for tasks to queue
[2025-04-02T20:29:31.832+0000] {logging_mixin.py:190} INFO - [2025-04-02T20:29:31.831+0000] {dagbag.py:588} INFO - Filling up the DagBag from /opt/airflow/dags/dag_with_cron_expression.py
[2025-04-02T20:29:31.883+0000] {processor.py:925} INFO - DAG(s) 'dag_with_cron_expression_v03' retrieved from /opt/airflow/dags/dag_with_cron_expression.py
[2025-04-02T20:29:31.902+0000] {logging_mixin.py:190} INFO - [2025-04-02T20:29:31.901+0000] {dag.py:3239} INFO - Sync 1 DAGs
[2025-04-02T20:29:31.972+0000] {logging_mixin.py:190} INFO - [2025-04-02T20:29:31.971+0000] {dag.py:4180} INFO - Setting next_dagrun for dag_with_cron_expression_v03 to 2025-03-04 02:10:00+00:00, run_after=2025-03-04 03:10:00+00:00
[2025-04-02T20:29:32.048+0000] {processor.py:208} INFO - Processing /opt/airflow/dags/dag_with_cron_expression.py took 0.229 seconds
[2025-04-02T20:30:02.755+0000] {processor.py:186} INFO - Started process (PID=730) to work on /opt/airflow/dags/dag_with_cron_expression.py
[2025-04-02T20:30:02.756+0000] {processor.py:914} INFO - Processing file /opt/airflow/dags/dag_with_cron_expression.py for tasks to queue
[2025-04-02T20:30:02.761+0000] {logging_mixin.py:190} INFO - [2025-04-02T20:30:02.760+0000] {dagbag.py:588} INFO - Filling up the DagBag from /opt/airflow/dags/dag_with_cron_expression.py
[2025-04-02T20:30:02.794+0000] {processor.py:925} INFO - DAG(s) 'dag_with_cron_expression_v03' retrieved from /opt/airflow/dags/dag_with_cron_expression.py
[2025-04-02T20:30:02.834+0000] {logging_mixin.py:190} INFO - [2025-04-02T20:30:02.833+0000] {dag.py:3239} INFO - Sync 1 DAGs
[2025-04-02T20:30:02.903+0000] {logging_mixin.py:190} INFO - [2025-04-02T20:30:02.903+0000] {dag.py:4180} INFO - Setting next_dagrun for dag_with_cron_expression_v03 to 2025-04-01 04:10:00+00:00, run_after=2025-04-04 02:10:00+00:00
[2025-04-02T20:30:02.949+0000] {processor.py:208} INFO - Processing /opt/airflow/dags/dag_with_cron_expression.py took 0.204 seconds
[2025-04-02T20:30:11.441+0000] {processor.py:186} INFO - Started process (PID=755) to work on /opt/airflow/dags/dag_with_cron_expression.py
[2025-04-02T20:30:11.443+0000] {processor.py:914} INFO - Processing file /opt/airflow/dags/dag_with_cron_expression.py for tasks to queue
[2025-04-02T20:30:11.445+0000] {logging_mixin.py:190} INFO - [2025-04-02T20:30:11.445+0000] {dagbag.py:588} INFO - Filling up the DagBag from /opt/airflow/dags/dag_with_cron_expression.py
[2025-04-02T20:30:11.488+0000] {processor.py:925} INFO - DAG(s) 'dag_with_cron_expression_v03' retrieved from /opt/airflow/dags/dag_with_cron_expression.py
[2025-04-02T20:30:11.526+0000] {logging_mixin.py:190} INFO - [2025-04-02T20:30:11.525+0000] {dag.py:3239} INFO - Sync 1 DAGs
[2025-04-02T20:30:11.566+0000] {logging_mixin.py:190} INFO - [2025-04-02T20:30:11.565+0000] {dag.py:4180} INFO - Setting next_dagrun for dag_with_cron_expression_v03 to 2025-04-01 04:10:00+00:00, run_after=2025-04-04 02:10:00+00:00
[2025-04-02T20:30:11.613+0000] {processor.py:208} INFO - Processing /opt/airflow/dags/dag_with_cron_expression.py took 0.179 seconds
[2025-04-02T20:30:41.713+0000] {processor.py:186} INFO - Started process (PID=786) to work on /opt/airflow/dags/dag_with_cron_expression.py
[2025-04-02T20:30:41.715+0000] {processor.py:914} INFO - Processing file /opt/airflow/dags/dag_with_cron_expression.py for tasks to queue
[2025-04-02T20:30:41.720+0000] {logging_mixin.py:190} INFO - [2025-04-02T20:30:41.719+0000] {dagbag.py:588} INFO - Filling up the DagBag from /opt/airflow/dags/dag_with_cron_expression.py
[2025-04-02T20:30:41.773+0000] {processor.py:925} INFO - DAG(s) 'dag_with_cron_expression_v03' retrieved from /opt/airflow/dags/dag_with_cron_expression.py
[2025-04-02T20:30:41.836+0000] {logging_mixin.py:190} INFO - [2025-04-02T20:30:41.835+0000] {dag.py:3239} INFO - Sync 1 DAGs
[2025-04-02T20:30:41.877+0000] {logging_mixin.py:190} INFO - [2025-04-02T20:30:41.877+0000] {dag.py:4180} INFO - Setting next_dagrun for dag_with_cron_expression_v03 to 2025-04-01 04:10:00+00:00, run_after=2025-04-04 02:10:00+00:00
[2025-04-02T20:30:41.918+0000] {processor.py:208} INFO - Processing /opt/airflow/dags/dag_with_cron_expression.py took 0.218 seconds
[2025-04-02T20:31:12.026+0000] {processor.py:186} INFO - Started process (PID=817) to work on /opt/airflow/dags/dag_with_cron_expression.py
[2025-04-02T20:31:12.028+0000] {processor.py:914} INFO - Processing file /opt/airflow/dags/dag_with_cron_expression.py for tasks to queue
[2025-04-02T20:31:12.030+0000] {logging_mixin.py:190} INFO - [2025-04-02T20:31:12.030+0000] {dagbag.py:588} INFO - Filling up the DagBag from /opt/airflow/dags/dag_with_cron_expression.py
[2025-04-02T20:31:12.062+0000] {processor.py:925} INFO - DAG(s) 'dag_with_cron_expression_v03' retrieved from /opt/airflow/dags/dag_with_cron_expression.py
[2025-04-02T20:31:12.099+0000] {logging_mixin.py:190} INFO - [2025-04-02T20:31:12.099+0000] {dag.py:3239} INFO - Sync 1 DAGs
[2025-04-02T20:31:12.136+0000] {logging_mixin.py:190} INFO - [2025-04-02T20:31:12.136+0000] {dag.py:4180} INFO - Setting next_dagrun for dag_with_cron_expression_v03 to 2025-04-01 04:10:00+00:00, run_after=2025-04-04 02:10:00+00:00
[2025-04-02T20:31:12.173+0000] {processor.py:208} INFO - Processing /opt/airflow/dags/dag_with_cron_expression.py took 0.156 seconds
[2025-04-02T20:31:39.885+0000] {processor.py:186} INFO - Started process (PID=848) to work on /opt/airflow/dags/dag_with_cron_expression.py
[2025-04-02T20:31:39.886+0000] {processor.py:914} INFO - Processing file /opt/airflow/dags/dag_with_cron_expression.py for tasks to queue
[2025-04-02T20:31:39.888+0000] {logging_mixin.py:190} INFO - [2025-04-02T20:31:39.888+0000] {dagbag.py:588} INFO - Filling up the DagBag from /opt/airflow/dags/dag_with_cron_expression.py
[2025-04-02T20:31:39.944+0000] {processor.py:925} INFO - DAG(s) 'dag_with_cron_expression_v03' retrieved from /opt/airflow/dags/dag_with_cron_expression.py
[2025-04-02T20:31:39.982+0000] {logging_mixin.py:190} INFO - [2025-04-02T20:31:39.982+0000] {dag.py:3239} INFO - Sync 1 DAGs
[2025-04-02T20:31:40.023+0000] {logging_mixin.py:190} INFO - [2025-04-02T20:31:40.023+0000] {dag.py:4180} INFO - Setting next_dagrun for dag_with_cron_expression_v03 to 2025-04-01 04:10:00+00:00, run_after=2025-04-04 02:10:00+00:00
[2025-04-02T20:31:40.064+0000] {processor.py:208} INFO - Processing /opt/airflow/dags/dag_with_cron_expression.py took 0.191 seconds
[2025-04-02T20:32:10.934+0000] {processor.py:186} INFO - Started process (PID=879) to work on /opt/airflow/dags/dag_with_cron_expression.py
[2025-04-02T20:32:10.935+0000] {processor.py:914} INFO - Processing file /opt/airflow/dags/dag_with_cron_expression.py for tasks to queue
[2025-04-02T20:32:10.938+0000] {logging_mixin.py:190} INFO - [2025-04-02T20:32:10.937+0000] {dagbag.py:588} INFO - Filling up the DagBag from /opt/airflow/dags/dag_with_cron_expression.py
[2025-04-02T20:32:10.968+0000] {processor.py:925} INFO - DAG(s) 'dag_with_cron_expression_v03' retrieved from /opt/airflow/dags/dag_with_cron_expression.py
[2025-04-02T20:32:11.020+0000] {logging_mixin.py:190} INFO - [2025-04-02T20:32:11.020+0000] {dag.py:3239} INFO - Sync 1 DAGs
[2025-04-02T20:32:11.073+0000] {logging_mixin.py:190} INFO - [2025-04-02T20:32:11.073+0000] {dag.py:4180} INFO - Setting next_dagrun for dag_with_cron_expression_v03 to 2025-04-01 04:10:00+00:00, run_after=2025-04-04 02:10:00+00:00
[2025-04-02T20:32:11.118+0000] {processor.py:208} INFO - Processing /opt/airflow/dags/dag_with_cron_expression.py took 0.192 seconds
[2025-04-02T20:32:32.641+0000] {processor.py:186} INFO - Started process (PID=890) to work on /opt/airflow/dags/dag_with_cron_expression.py
[2025-04-02T20:32:32.644+0000] {processor.py:914} INFO - Processing file /opt/airflow/dags/dag_with_cron_expression.py for tasks to queue
[2025-04-02T20:32:32.648+0000] {logging_mixin.py:190} INFO - [2025-04-02T20:32:32.646+0000] {dagbag.py:588} INFO - Filling up the DagBag from /opt/airflow/dags/dag_with_cron_expression.py
[2025-04-02T20:32:32.702+0000] {processor.py:925} INFO - DAG(s) 'dag_with_cron_expression_v03' retrieved from /opt/airflow/dags/dag_with_cron_expression.py
[2025-04-02T20:32:32.782+0000] {logging_mixin.py:190} INFO - [2025-04-02T20:32:32.781+0000] {dag.py:3239} INFO - Sync 1 DAGs
[2025-04-02T20:32:32.828+0000] {logging_mixin.py:190} INFO - [2025-04-02T20:32:32.828+0000] {dag.py:4180} INFO - Setting next_dagrun for dag_with_cron_expression_v03 to 2025-04-01 04:10:00+00:00, run_after=2025-04-04 02:10:00+00:00
[2025-04-02T20:32:32.862+0000] {processor.py:208} INFO - Processing /opt/airflow/dags/dag_with_cron_expression.py took 0.232 seconds
[2025-04-02T20:32:33.673+0000] {processor.py:186} INFO - Started process (PID=895) to work on /opt/airflow/dags/dag_with_cron_expression.py
[2025-04-02T20:32:33.675+0000] {processor.py:914} INFO - Processing file /opt/airflow/dags/dag_with_cron_expression.py for tasks to queue
[2025-04-02T20:32:33.678+0000] {logging_mixin.py:190} INFO - [2025-04-02T20:32:33.677+0000] {dagbag.py:588} INFO - Filling up the DagBag from /opt/airflow/dags/dag_with_cron_expression.py
[2025-04-02T20:32:33.710+0000] {processor.py:925} INFO - DAG(s) 'dag_with_cron_expression_v03' retrieved from /opt/airflow/dags/dag_with_cron_expression.py
[2025-04-02T20:32:33.751+0000] {logging_mixin.py:190} INFO - [2025-04-02T20:32:33.750+0000] {dag.py:3239} INFO - Sync 1 DAGs
[2025-04-02T20:32:33.795+0000] {logging_mixin.py:190} INFO - [2025-04-02T20:32:33.795+0000] {dag.py:4180} INFO - Setting next_dagrun for dag_with_cron_expression_v03 to 2025-04-01 04:10:00+00:00, run_after=2025-04-04 02:10:00+00:00
[2025-04-02T20:32:33.840+0000] {processor.py:208} INFO - Processing /opt/airflow/dags/dag_with_cron_expression.py took 0.175 seconds
